[2017-02-14T18:38:29,368][INFO ][o.e.n.Node               ] [] initializing ...
[2017-02-14T18:38:29,922][INFO ][o.e.e.NodeEnvironment    ] [jaLxcpR] using [1] data paths, mounts [[/ (/dev/disk0s2)]], net usable_space [46.7gb], net total_space [464.9gb], spins? [unknown], types [hfs]
[2017-02-14T18:38:29,922][INFO ][o.e.e.NodeEnvironment    ] [jaLxcpR] heap size [1.9gb], compressed ordinary object pointers [true]
[2017-02-14T18:38:29,923][INFO ][o.e.n.Node               ] node name [jaLxcpR] derived from node ID [jaLxcpRFRgmAZDlKC9sFeQ]; set [node.name] to override
[2017-02-14T18:38:29,980][INFO ][o.e.n.Node               ] version[5.2.0], pid[51401], build[24e05b9/2017-01-24T19:52:35.800Z], OS[Mac OS X/10.11.5/x86_64], JVM[Oracle Corporation/Java HotSpot(TM) 64-Bit Server VM/1.8.0_25/25.25-b02]
[2017-02-14T18:38:32,529][INFO ][o.e.p.PluginsService     ] [jaLxcpR] loaded module [aggs-matrix-stats]
[2017-02-14T18:38:32,529][INFO ][o.e.p.PluginsService     ] [jaLxcpR] loaded module [ingest-common]
[2017-02-14T18:38:32,529][INFO ][o.e.p.PluginsService     ] [jaLxcpR] loaded module [lang-expression]
[2017-02-14T18:38:32,529][INFO ][o.e.p.PluginsService     ] [jaLxcpR] loaded module [lang-groovy]
[2017-02-14T18:38:32,529][INFO ][o.e.p.PluginsService     ] [jaLxcpR] loaded module [lang-mustache]
[2017-02-14T18:38:32,529][INFO ][o.e.p.PluginsService     ] [jaLxcpR] loaded module [lang-painless]
[2017-02-14T18:38:32,529][INFO ][o.e.p.PluginsService     ] [jaLxcpR] loaded module [percolator]
[2017-02-14T18:38:32,530][INFO ][o.e.p.PluginsService     ] [jaLxcpR] loaded module [reindex]
[2017-02-14T18:38:32,530][INFO ][o.e.p.PluginsService     ] [jaLxcpR] loaded module [transport-netty3]
[2017-02-14T18:38:32,530][INFO ][o.e.p.PluginsService     ] [jaLxcpR] loaded module [transport-netty4]
[2017-02-14T18:38:32,531][INFO ][o.e.p.PluginsService     ] [jaLxcpR] no plugins loaded
[2017-02-14T18:38:39,519][INFO ][o.e.n.Node               ] initialized
[2017-02-14T18:38:39,519][INFO ][o.e.n.Node               ] [jaLxcpR] starting ...
[2017-02-14T18:38:40,180][INFO ][o.e.t.TransportService   ] [jaLxcpR] publish_address {10.0.0.102:9300}, bound_addresses {[::]:9300}
[2017-02-14T18:38:40,184][INFO ][o.e.b.BootstrapChecks    ] [jaLxcpR] bound or publishing to a non-loopback or non-link-local address, enforcing bootstrap checks
[2017-02-14T18:38:43,398][INFO ][o.e.c.s.ClusterService   ] [jaLxcpR] new_master {jaLxcpR}{jaLxcpRFRgmAZDlKC9sFeQ}{gQfbGkAyS_SS9rdpvz0S-Q}{10.0.0.102}{10.0.0.102:9300}, reason: zen-disco-elected-as-master ([0] nodes joined)
[2017-02-14T18:38:43,548][INFO ][o.e.h.HttpServer         ] [jaLxcpR] publish_address {10.0.0.102:9200}, bound_addresses {[::]:9200}
[2017-02-14T18:38:43,548][INFO ][o.e.n.Node               ] [jaLxcpR] started
[2017-02-14T18:38:43,554][INFO ][o.e.g.GatewayService     ] [jaLxcpR] recovered [0] indices into cluster_state
[2017-02-14T18:38:46,908][INFO ][o.e.c.m.MetaDataCreateIndexService] [jaLxcpR] [hotel-urbano] creating index, cause [api], templates [], shards [5]/[1], mappings [disponibilidade]
[2017-02-14T18:38:47,680][INFO ][o.e.c.m.MetaDataMappingService] [jaLxcpR] [hotel-urbano/kBzwNQxjQd-uOMIqXh4FAQ] create_mapping [hotel]
[2017-02-14T18:38:57,383][INFO ][o.e.c.m.MetaDataMappingService] [jaLxcpR] [hotel-urbano/kBzwNQxjQd-uOMIqXh4FAQ] update_mapping [disponibilidade]
[2017-02-14T18:39:13,466][INFO ][o.e.c.r.a.DiskThresholdMonitor] [jaLxcpR] low disk watermark [85%] exceeded on [jaLxcpRFRgmAZDlKC9sFeQ][jaLxcpR][/Users/gustavoamg/Projetos/HotelUrbano/desafiohu1/server/elasticsearch-5.2.0/data/nodes/0] free: 46.7gb[10%], replicas will not be assigned to this node
[2017-02-14T18:39:43,496][INFO ][o.e.c.r.a.DiskThresholdMonitor] [jaLxcpR] low disk watermark [85%] exceeded on [jaLxcpRFRgmAZDlKC9sFeQ][jaLxcpR][/Users/gustavoamg/Projetos/HotelUrbano/desafiohu1/server/elasticsearch-5.2.0/data/nodes/0] free: 46.7gb[10%], replicas will not be assigned to this node
[2017-02-14T18:40:13,537][INFO ][o.e.c.r.a.DiskThresholdMonitor] [jaLxcpR] low disk watermark [85%] exceeded on [jaLxcpRFRgmAZDlKC9sFeQ][jaLxcpR][/Users/gustavoamg/Projetos/HotelUrbano/desafiohu1/server/elasticsearch-5.2.0/data/nodes/0] free: 46.7gb[10%], replicas will not be assigned to this node
[2017-02-14T18:40:43,571][INFO ][o.e.c.r.a.DiskThresholdMonitor] [jaLxcpR] low disk watermark [85%] exceeded on [jaLxcpRFRgmAZDlKC9sFeQ][jaLxcpR][/Users/gustavoamg/Projetos/HotelUrbano/desafiohu1/server/elasticsearch-5.2.0/data/nodes/0] free: 46.7gb[10%], replicas will not be assigned to this node
[2017-02-14T18:41:13,598][INFO ][o.e.c.r.a.DiskThresholdMonitor] [jaLxcpR] low disk watermark [85%] exceeded on [jaLxcpRFRgmAZDlKC9sFeQ][jaLxcpR][/Users/gustavoamg/Projetos/HotelUrbano/desafiohu1/server/elasticsearch-5.2.0/data/nodes/0] free: 46.7gb[10%], replicas will not be assigned to this node
[2017-02-14T18:41:43,632][INFO ][o.e.c.r.a.DiskThresholdMonitor] [jaLxcpR] low disk watermark [85%] exceeded on [jaLxcpRFRgmAZDlKC9sFeQ][jaLxcpR][/Users/gustavoamg/Projetos/HotelUrbano/desafiohu1/server/elasticsearch-5.2.0/data/nodes/0] free: 46.7gb[10%], replicas will not be assigned to this node
[2017-02-14T18:42:13,676][INFO ][o.e.c.r.a.DiskThresholdMonitor] [jaLxcpR] low disk watermark [85%] exceeded on [jaLxcpRFRgmAZDlKC9sFeQ][jaLxcpR][/Users/gustavoamg/Projetos/HotelUrbano/desafiohu1/server/elasticsearch-5.2.0/data/nodes/0] free: 46.7gb[10%], replicas will not be assigned to this node
[2017-02-14T18:42:43,704][INFO ][o.e.c.r.a.DiskThresholdMonitor] [jaLxcpR] low disk watermark [85%] exceeded on [jaLxcpRFRgmAZDlKC9sFeQ][jaLxcpR][/Users/gustavoamg/Projetos/HotelUrbano/desafiohu1/server/elasticsearch-5.2.0/data/nodes/0] free: 46.7gb[10%], replicas will not be assigned to this node
[2017-02-14T18:43:13,727][INFO ][o.e.c.r.a.DiskThresholdMonitor] [jaLxcpR] low disk watermark [85%] exceeded on [jaLxcpRFRgmAZDlKC9sFeQ][jaLxcpR][/Users/gustavoamg/Projetos/HotelUrbano/desafiohu1/server/elasticsearch-5.2.0/data/nodes/0] free: 46.7gb[10%], replicas will not be assigned to this node
[2017-02-14T18:43:43,752][INFO ][o.e.c.r.a.DiskThresholdMonitor] [jaLxcpR] low disk watermark [85%] exceeded on [jaLxcpRFRgmAZDlKC9sFeQ][jaLxcpR][/Users/gustavoamg/Projetos/HotelUrbano/desafiohu1/server/elasticsearch-5.2.0/data/nodes/0] free: 46.7gb[10%], replicas will not be assigned to this node
[2017-02-14T18:44:13,782][INFO ][o.e.c.r.a.DiskThresholdMonitor] [jaLxcpR] low disk watermark [85%] exceeded on [jaLxcpRFRgmAZDlKC9sFeQ][jaLxcpR][/Users/gustavoamg/Projetos/HotelUrbano/desafiohu1/server/elasticsearch-5.2.0/data/nodes/0] free: 46.7gb[10%], replicas will not be assigned to this node
[2017-02-14T18:44:43,802][INFO ][o.e.c.r.a.DiskThresholdMonitor] [jaLxcpR] low disk watermark [85%] exceeded on [jaLxcpRFRgmAZDlKC9sFeQ][jaLxcpR][/Users/gustavoamg/Projetos/HotelUrbano/desafiohu1/server/elasticsearch-5.2.0/data/nodes/0] free: 46.7gb[10%], replicas will not be assigned to this node
[2017-02-14T18:45:13,850][INFO ][o.e.c.r.a.DiskThresholdMonitor] [jaLxcpR] low disk watermark [85%] exceeded on [jaLxcpRFRgmAZDlKC9sFeQ][jaLxcpR][/Users/gustavoamg/Projetos/HotelUrbano/desafiohu1/server/elasticsearch-5.2.0/data/nodes/0] free: 46.7gb[10%], replicas will not be assigned to this node
[2017-02-14T18:45:43,886][INFO ][o.e.c.r.a.DiskThresholdMonitor] [jaLxcpR] low disk watermark [85%] exceeded on [jaLxcpRFRgmAZDlKC9sFeQ][jaLxcpR][/Users/gustavoamg/Projetos/HotelUrbano/desafiohu1/server/elasticsearch-5.2.0/data/nodes/0] free: 46.7gb[10%], replicas will not be assigned to this node
[2017-02-14T18:46:13,931][INFO ][o.e.c.r.a.DiskThresholdMonitor] [jaLxcpR] low disk watermark [85%] exceeded on [jaLxcpRFRgmAZDlKC9sFeQ][jaLxcpR][/Users/gustavoamg/Projetos/HotelUrbano/desafiohu1/server/elasticsearch-5.2.0/data/nodes/0] free: 46.7gb[10%], replicas will not be assigned to this node
[2017-02-14T18:46:43,957][INFO ][o.e.c.r.a.DiskThresholdMonitor] [jaLxcpR] low disk watermark [85%] exceeded on [jaLxcpRFRgmAZDlKC9sFeQ][jaLxcpR][/Users/gustavoamg/Projetos/HotelUrbano/desafiohu1/server/elasticsearch-5.2.0/data/nodes/0] free: 46.7gb[10%], replicas will not be assigned to this node
[2017-02-14T18:47:13,991][INFO ][o.e.c.r.a.DiskThresholdMonitor] [jaLxcpR] low disk watermark [85%] exceeded on [jaLxcpRFRgmAZDlKC9sFeQ][jaLxcpR][/Users/gustavoamg/Projetos/HotelUrbano/desafiohu1/server/elasticsearch-5.2.0/data/nodes/0] free: 46.7gb[10%], replicas will not be assigned to this node
[2017-02-14T18:47:44,004][WARN ][o.e.e.NodeEnvironment    ] [jaLxcpR] lock assertion failed
java.nio.file.NoSuchFileException: /Users/gustavoamg/Projetos/HotelUrbano/desafiohu1/server/elasticsearch-5.2.0/data/nodes/0/node.lock
	at sun.nio.fs.UnixException.translateToIOException(UnixException.java:86) ~[?:?]
	at sun.nio.fs.UnixException.rethrowAsIOException(UnixException.java:102) ~[?:?]
	at sun.nio.fs.UnixException.rethrowAsIOException(UnixException.java:107) ~[?:?]
	at sun.nio.fs.UnixFileAttributeViews$Basic.readAttributes(UnixFileAttributeViews.java:55) ~[?:?]
	at sun.nio.fs.UnixFileSystemProvider.readAttributes(UnixFileSystemProvider.java:144) ~[?:?]
	at java.nio.file.Files.readAttributes(Files.java:1737) ~[?:1.8.0_25]
	at org.apache.lucene.store.NativeFSLockFactory$NativeFSLock.ensureValid(NativeFSLockFactory.java:177) ~[lucene-core-6.4.0.jar:6.4.0 bbe4b08cc1fb673d0c3eb4b8455f23ddc1364124 - jim - 2017-01-17 15:57:29]
	at org.elasticsearch.env.NodeEnvironment.assertEnvIsLocked(NodeEnvironment.java:902) [elasticsearch-5.2.0.jar:5.2.0]
	at org.elasticsearch.env.NodeEnvironment.nodePaths(NodeEnvironment.java:754) [elasticsearch-5.2.0.jar:5.2.0]
	at org.elasticsearch.monitor.fs.FsProbe.stats(FsProbe.java:55) [elasticsearch-5.2.0.jar:5.2.0]
	at org.elasticsearch.monitor.fs.FsService.stats(FsService.java:60) [elasticsearch-5.2.0.jar:5.2.0]
	at org.elasticsearch.monitor.fs.FsService.access$200(FsService.java:33) [elasticsearch-5.2.0.jar:5.2.0]
	at org.elasticsearch.monitor.fs.FsService$FsInfoCache.refresh(FsService.java:78) [elasticsearch-5.2.0.jar:5.2.0]
	at org.elasticsearch.monitor.fs.FsService$FsInfoCache.refresh(FsService.java:67) [elasticsearch-5.2.0.jar:5.2.0]
	at org.elasticsearch.common.util.SingleObjectCache.getOrRefresh(SingleObjectCache.java:54) [elasticsearch-5.2.0.jar:5.2.0]
	at org.elasticsearch.monitor.fs.FsService.stats(FsService.java:55) [elasticsearch-5.2.0.jar:5.2.0]
	at org.elasticsearch.node.service.NodeService.stats(NodeService.java:112) [elasticsearch-5.2.0.jar:5.2.0]
	at org.elasticsearch.action.admin.cluster.node.stats.TransportNodesStatsAction.nodeOperation(TransportNodesStatsAction.java:77) [elasticsearch-5.2.0.jar:5.2.0]
	at org.elasticsearch.action.admin.cluster.node.stats.TransportNodesStatsAction.nodeOperation(TransportNodesStatsAction.java:42) [elasticsearch-5.2.0.jar:5.2.0]
	at org.elasticsearch.action.support.nodes.TransportNodesAction.nodeOperation(TransportNodesAction.java:145) [elasticsearch-5.2.0.jar:5.2.0]
	at org.elasticsearch.action.support.nodes.TransportNodesAction$NodeTransportHandler.messageReceived(TransportNodesAction.java:270) [elasticsearch-5.2.0.jar:5.2.0]
	at org.elasticsearch.action.support.nodes.TransportNodesAction$NodeTransportHandler.messageReceived(TransportNodesAction.java:266) [elasticsearch-5.2.0.jar:5.2.0]
	at org.elasticsearch.transport.RequestHandlerRegistry.processMessageReceived(RequestHandlerRegistry.java:69) [elasticsearch-5.2.0.jar:5.2.0]
	at org.elasticsearch.transport.TransportService$7.doRun(TransportService.java:610) [elasticsearch-5.2.0.jar:5.2.0]
	at org.elasticsearch.common.util.concurrent.ThreadContext$ContextPreservingAbstractRunnable.doRun(ThreadContext.java:596) [elasticsearch-5.2.0.jar:5.2.0]
	at org.elasticsearch.common.util.concurrent.AbstractRunnable.run(AbstractRunnable.java:37) [elasticsearch-5.2.0.jar:5.2.0]
	at java.util.concurrent.ThreadPoolExecutor.runWorker(ThreadPoolExecutor.java:1142) [?:1.8.0_25]
	at java.util.concurrent.ThreadPoolExecutor$Worker.run(ThreadPoolExecutor.java:617) [?:1.8.0_25]
	at java.lang.Thread.run(Thread.java:745) [?:1.8.0_25]
[2017-02-14T18:47:44,006][DEBUG][o.e.a.a.i.s.TransportIndicesStatsAction] [jaLxcpR] [indices:monitor/stats] failed to execute operation for shard [[hotel-urbano][2], node[jaLxcpRFRgmAZDlKC9sFeQ], [P], s[STARTED], a[id=L2_zxJpLTSyb4h-PR219bw]]
org.elasticsearch.ElasticsearchException: failed to refresh store stats
	at org.elasticsearch.index.store.Store$StoreStatsCache.refresh(Store.java:1364) ~[elasticsearch-5.2.0.jar:5.2.0]
	at org.elasticsearch.index.store.Store$StoreStatsCache.refresh(Store.java:1349) ~[elasticsearch-5.2.0.jar:5.2.0]
	at org.elasticsearch.common.util.SingleObjectCache.getOrRefresh(SingleObjectCache.java:54) ~[elasticsearch-5.2.0.jar:5.2.0]
	at org.elasticsearch.index.store.Store.stats(Store.java:301) ~[elasticsearch-5.2.0.jar:5.2.0]
	at org.elasticsearch.index.shard.IndexShard.storeStats(IndexShard.java:703) ~[elasticsearch-5.2.0.jar:5.2.0]
	at org.elasticsearch.action.admin.indices.stats.CommonStats.<init>(CommonStats.java:177) ~[elasticsearch-5.2.0.jar:5.2.0]
	at org.elasticsearch.action.admin.indices.stats.TransportIndicesStatsAction.shardOperation(TransportIndicesStatsAction.java:163) ~[elasticsearch-5.2.0.jar:5.2.0]
	at org.elasticsearch.action.admin.indices.stats.TransportIndicesStatsAction.shardOperation(TransportIndicesStatsAction.java:47) ~[elasticsearch-5.2.0.jar:5.2.0]
	at org.elasticsearch.action.support.broadcast.node.TransportBroadcastByNodeAction$BroadcastByNodeTransportRequestHandler.onShardOperation(TransportBroadcastByNodeAction.java:434) [elasticsearch-5.2.0.jar:5.2.0]
	at org.elasticsearch.action.support.broadcast.node.TransportBroadcastByNodeAction$BroadcastByNodeTransportRequestHandler.messageReceived(TransportBroadcastByNodeAction.java:413) [elasticsearch-5.2.0.jar:5.2.0]
	at org.elasticsearch.action.support.broadcast.node.TransportBroadcastByNodeAction$BroadcastByNodeTransportRequestHandler.messageReceived(TransportBroadcastByNodeAction.java:400) [elasticsearch-5.2.0.jar:5.2.0]
	at org.elasticsearch.transport.TransportRequestHandler.messageReceived(TransportRequestHandler.java:33) [elasticsearch-5.2.0.jar:5.2.0]
	at org.elasticsearch.transport.RequestHandlerRegistry.processMessageReceived(RequestHandlerRegistry.java:69) [elasticsearch-5.2.0.jar:5.2.0]
	at org.elasticsearch.transport.TransportService$7.doRun(TransportService.java:610) [elasticsearch-5.2.0.jar:5.2.0]
	at org.elasticsearch.common.util.concurrent.ThreadContext$ContextPreservingAbstractRunnable.doRun(ThreadContext.java:596) [elasticsearch-5.2.0.jar:5.2.0]
	at org.elasticsearch.common.util.concurrent.AbstractRunnable.run(AbstractRunnable.java:37) [elasticsearch-5.2.0.jar:5.2.0]
	at java.util.concurrent.ThreadPoolExecutor.runWorker(ThreadPoolExecutor.java:1142) [?:1.8.0_25]
	at java.util.concurrent.ThreadPoolExecutor$Worker.run(ThreadPoolExecutor.java:617) [?:1.8.0_25]
	at java.lang.Thread.run(Thread.java:745) [?:1.8.0_25]
Caused by: java.nio.file.NoSuchFileException: /Users/gustavoamg/Projetos/HotelUrbano/desafiohu1/server/elasticsearch-5.2.0/data/nodes/0/indices/kBzwNQxjQd-uOMIqXh4FAQ/2/index
	at sun.nio.fs.UnixException.translateToIOException(UnixException.java:86) ~[?:?]
	at sun.nio.fs.UnixException.rethrowAsIOException(UnixException.java:102) ~[?:?]
	at sun.nio.fs.UnixException.rethrowAsIOException(UnixException.java:107) ~[?:?]
	at sun.nio.fs.UnixFileSystemProvider.newDirectoryStream(UnixFileSystemProvider.java:407) ~[?:?]
	at java.nio.file.Files.newDirectoryStream(Files.java:457) ~[?:1.8.0_25]
	at org.apache.lucene.store.FSDirectory.listAll(FSDirectory.java:215) ~[lucene-core-6.4.0.jar:6.4.0 bbe4b08cc1fb673d0c3eb4b8455f23ddc1364124 - jim - 2017-01-17 15:57:29]
	at org.apache.lucene.store.FSDirectory.listAll(FSDirectory.java:234) ~[lucene-core-6.4.0.jar:6.4.0 bbe4b08cc1fb673d0c3eb4b8455f23ddc1364124 - jim - 2017-01-17 15:57:29]
	at org.apache.lucene.store.FilterDirectory.listAll(FilterDirectory.java:57) ~[lucene-core-6.4.0.jar:6.4.0 bbe4b08cc1fb673d0c3eb4b8455f23ddc1364124 - jim - 2017-01-17 15:57:29]
	at org.apache.lucene.store.FilterDirectory.listAll(FilterDirectory.java:57) ~[lucene-core-6.4.0.jar:6.4.0 bbe4b08cc1fb673d0c3eb4b8455f23ddc1364124 - jim - 2017-01-17 15:57:29]
	at org.elasticsearch.index.store.Store$StoreStatsCache.estimateSize(Store.java:1370) ~[elasticsearch-5.2.0.jar:5.2.0]
	at org.elasticsearch.index.store.Store$StoreStatsCache.refresh(Store.java:1362) ~[elasticsearch-5.2.0.jar:5.2.0]
	... 18 more
[2017-02-14T18:47:44,033][DEBUG][o.e.a.a.i.s.TransportIndicesStatsAction] [jaLxcpR] [indices:monitor/stats] failed to execute operation for shard [[hotel-urbano][3], node[jaLxcpRFRgmAZDlKC9sFeQ], [P], s[STARTED], a[id=Pr-dXDG9R4yFURtwQdofUw]]
org.elasticsearch.ElasticsearchException: failed to refresh store stats
	at org.elasticsearch.index.store.Store$StoreStatsCache.refresh(Store.java:1364) ~[elasticsearch-5.2.0.jar:5.2.0]
	at org.elasticsearch.index.store.Store$StoreStatsCache.refresh(Store.java:1349) ~[elasticsearch-5.2.0.jar:5.2.0]
	at org.elasticsearch.common.util.SingleObjectCache.getOrRefresh(SingleObjectCache.java:54) ~[elasticsearch-5.2.0.jar:5.2.0]
	at org.elasticsearch.index.store.Store.stats(Store.java:301) ~[elasticsearch-5.2.0.jar:5.2.0]
	at org.elasticsearch.index.shard.IndexShard.storeStats(IndexShard.java:703) ~[elasticsearch-5.2.0.jar:5.2.0]
	at org.elasticsearch.action.admin.indices.stats.CommonStats.<init>(CommonStats.java:177) ~[elasticsearch-5.2.0.jar:5.2.0]
	at org.elasticsearch.action.admin.indices.stats.TransportIndicesStatsAction.shardOperation(TransportIndicesStatsAction.java:163) ~[elasticsearch-5.2.0.jar:5.2.0]
	at org.elasticsearch.action.admin.indices.stats.TransportIndicesStatsAction.shardOperation(TransportIndicesStatsAction.java:47) ~[elasticsearch-5.2.0.jar:5.2.0]
	at org.elasticsearch.action.support.broadcast.node.TransportBroadcastByNodeAction$BroadcastByNodeTransportRequestHandler.onShardOperation(TransportBroadcastByNodeAction.java:434) [elasticsearch-5.2.0.jar:5.2.0]
	at org.elasticsearch.action.support.broadcast.node.TransportBroadcastByNodeAction$BroadcastByNodeTransportRequestHandler.messageReceived(TransportBroadcastByNodeAction.java:413) [elasticsearch-5.2.0.jar:5.2.0]
	at org.elasticsearch.action.support.broadcast.node.TransportBroadcastByNodeAction$BroadcastByNodeTransportRequestHandler.messageReceived(TransportBroadcastByNodeAction.java:400) [elasticsearch-5.2.0.jar:5.2.0]
	at org.elasticsearch.transport.TransportRequestHandler.messageReceived(TransportRequestHandler.java:33) [elasticsearch-5.2.0.jar:5.2.0]
	at org.elasticsearch.transport.RequestHandlerRegistry.processMessageReceived(RequestHandlerRegistry.java:69) [elasticsearch-5.2.0.jar:5.2.0]
	at org.elasticsearch.transport.TransportService$7.doRun(TransportService.java:610) [elasticsearch-5.2.0.jar:5.2.0]
	at org.elasticsearch.common.util.concurrent.ThreadContext$ContextPreservingAbstractRunnable.doRun(ThreadContext.java:596) [elasticsearch-5.2.0.jar:5.2.0]
	at org.elasticsearch.common.util.concurrent.AbstractRunnable.run(AbstractRunnable.java:37) [elasticsearch-5.2.0.jar:5.2.0]
	at java.util.concurrent.ThreadPoolExecutor.runWorker(ThreadPoolExecutor.java:1142) [?:1.8.0_25]
	at java.util.concurrent.ThreadPoolExecutor$Worker.run(ThreadPoolExecutor.java:617) [?:1.8.0_25]
	at java.lang.Thread.run(Thread.java:745) [?:1.8.0_25]
Caused by: java.nio.file.NoSuchFileException: /Users/gustavoamg/Projetos/HotelUrbano/desafiohu1/server/elasticsearch-5.2.0/data/nodes/0/indices/kBzwNQxjQd-uOMIqXh4FAQ/3/index
	at sun.nio.fs.UnixException.translateToIOException(UnixException.java:86) ~[?:?]
	at sun.nio.fs.UnixException.rethrowAsIOException(UnixException.java:102) ~[?:?]
	at sun.nio.fs.UnixException.rethrowAsIOException(UnixException.java:107) ~[?:?]
	at sun.nio.fs.UnixFileSystemProvider.newDirectoryStream(UnixFileSystemProvider.java:407) ~[?:?]
	at java.nio.file.Files.newDirectoryStream(Files.java:457) ~[?:1.8.0_25]
	at org.apache.lucene.store.FSDirectory.listAll(FSDirectory.java:215) ~[lucene-core-6.4.0.jar:6.4.0 bbe4b08cc1fb673d0c3eb4b8455f23ddc1364124 - jim - 2017-01-17 15:57:29]
	at org.apache.lucene.store.FSDirectory.listAll(FSDirectory.java:234) ~[lucene-core-6.4.0.jar:6.4.0 bbe4b08cc1fb673d0c3eb4b8455f23ddc1364124 - jim - 2017-01-17 15:57:29]
	at org.apache.lucene.store.FilterDirectory.listAll(FilterDirectory.java:57) ~[lucene-core-6.4.0.jar:6.4.0 bbe4b08cc1fb673d0c3eb4b8455f23ddc1364124 - jim - 2017-01-17 15:57:29]
	at org.apache.lucene.store.FilterDirectory.listAll(FilterDirectory.java:57) ~[lucene-core-6.4.0.jar:6.4.0 bbe4b08cc1fb673d0c3eb4b8455f23ddc1364124 - jim - 2017-01-17 15:57:29]
	at org.elasticsearch.index.store.Store$StoreStatsCache.estimateSize(Store.java:1370) ~[elasticsearch-5.2.0.jar:5.2.0]
	at org.elasticsearch.index.store.Store$StoreStatsCache.refresh(Store.java:1362) ~[elasticsearch-5.2.0.jar:5.2.0]
	... 18 more
[2017-02-14T18:47:44,033][DEBUG][o.e.a.a.c.n.s.TransportNodesStatsAction] [jaLxcpR] failed to execute on node [jaLxcpRFRgmAZDlKC9sFeQ]
org.elasticsearch.transport.RemoteTransportException: [jaLxcpR][10.0.0.102:9300][cluster:monitor/nodes/stats[n]]
Caused by: java.lang.IllegalStateException: environment is not locked
	at org.elasticsearch.env.NodeEnvironment.assertEnvIsLocked(NodeEnvironment.java:905) ~[elasticsearch-5.2.0.jar:5.2.0]
	at org.elasticsearch.env.NodeEnvironment.nodePaths(NodeEnvironment.java:754) ~[elasticsearch-5.2.0.jar:5.2.0]
	at org.elasticsearch.monitor.fs.FsProbe.stats(FsProbe.java:55) ~[elasticsearch-5.2.0.jar:5.2.0]
	at org.elasticsearch.monitor.fs.FsService.stats(FsService.java:60) ~[elasticsearch-5.2.0.jar:5.2.0]
	at org.elasticsearch.monitor.fs.FsService.access$200(FsService.java:33) ~[elasticsearch-5.2.0.jar:5.2.0]
	at org.elasticsearch.monitor.fs.FsService$FsInfoCache.refresh(FsService.java:78) ~[elasticsearch-5.2.0.jar:5.2.0]
	at org.elasticsearch.monitor.fs.FsService$FsInfoCache.refresh(FsService.java:67) ~[elasticsearch-5.2.0.jar:5.2.0]
	at org.elasticsearch.common.util.SingleObjectCache.getOrRefresh(SingleObjectCache.java:54) ~[elasticsearch-5.2.0.jar:5.2.0]
	at org.elasticsearch.monitor.fs.FsService.stats(FsService.java:55) ~[elasticsearch-5.2.0.jar:5.2.0]
	at org.elasticsearch.node.service.NodeService.stats(NodeService.java:112) ~[elasticsearch-5.2.0.jar:5.2.0]
	at org.elasticsearch.action.admin.cluster.node.stats.TransportNodesStatsAction.nodeOperation(TransportNodesStatsAction.java:77) ~[elasticsearch-5.2.0.jar:5.2.0]
	at org.elasticsearch.action.admin.cluster.node.stats.TransportNodesStatsAction.nodeOperation(TransportNodesStatsAction.java:42) ~[elasticsearch-5.2.0.jar:5.2.0]
	at org.elasticsearch.action.support.nodes.TransportNodesAction.nodeOperation(TransportNodesAction.java:145) ~[elasticsearch-5.2.0.jar:5.2.0]
	at org.elasticsearch.action.support.nodes.TransportNodesAction$NodeTransportHandler.messageReceived(TransportNodesAction.java:270) ~[elasticsearch-5.2.0.jar:5.2.0]
	at org.elasticsearch.action.support.nodes.TransportNodesAction$NodeTransportHandler.messageReceived(TransportNodesAction.java:266) ~[elasticsearch-5.2.0.jar:5.2.0]
	at org.elasticsearch.transport.RequestHandlerRegistry.processMessageReceived(RequestHandlerRegistry.java:69) ~[elasticsearch-5.2.0.jar:5.2.0]
	at org.elasticsearch.transport.TransportService$7.doRun(TransportService.java:610) [elasticsearch-5.2.0.jar:5.2.0]
	at org.elasticsearch.common.util.concurrent.ThreadContext$ContextPreservingAbstractRunnable.doRun(ThreadContext.java:596) [elasticsearch-5.2.0.jar:5.2.0]
	at org.elasticsearch.common.util.concurrent.AbstractRunnable.run(AbstractRunnable.java:37) [elasticsearch-5.2.0.jar:5.2.0]
	at java.util.concurrent.ThreadPoolExecutor.runWorker(ThreadPoolExecutor.java:1142) [?:1.8.0_25]
	at java.util.concurrent.ThreadPoolExecutor$Worker.run(ThreadPoolExecutor.java:617) [?:1.8.0_25]
	at java.lang.Thread.run(Thread.java:745) [?:1.8.0_25]
Caused by: java.nio.file.NoSuchFileException: /Users/gustavoamg/Projetos/HotelUrbano/desafiohu1/server/elasticsearch-5.2.0/data/nodes/0/node.lock
	at sun.nio.fs.UnixException.translateToIOException(UnixException.java:86) ~[?:?]
	at sun.nio.fs.UnixException.rethrowAsIOException(UnixException.java:102) ~[?:?]
	at sun.nio.fs.UnixException.rethrowAsIOException(UnixException.java:107) ~[?:?]
	at sun.nio.fs.UnixFileAttributeViews$Basic.readAttributes(UnixFileAttributeViews.java:55) ~[?:?]
	at sun.nio.fs.UnixFileSystemProvider.readAttributes(UnixFileSystemProvider.java:144) ~[?:?]
	at java.nio.file.Files.readAttributes(Files.java:1737) ~[?:1.8.0_25]
	at org.apache.lucene.store.NativeFSLockFactory$NativeFSLock.ensureValid(NativeFSLockFactory.java:177) ~[lucene-core-6.4.0.jar:6.4.0 bbe4b08cc1fb673d0c3eb4b8455f23ddc1364124 - jim - 2017-01-17 15:57:29]
	at org.elasticsearch.env.NodeEnvironment.assertEnvIsLocked(NodeEnvironment.java:902) ~[elasticsearch-5.2.0.jar:5.2.0]
	at org.elasticsearch.env.NodeEnvironment.nodePaths(NodeEnvironment.java:754) ~[elasticsearch-5.2.0.jar:5.2.0]
	at org.elasticsearch.monitor.fs.FsProbe.stats(FsProbe.java:55) ~[elasticsearch-5.2.0.jar:5.2.0]
	at org.elasticsearch.monitor.fs.FsService.stats(FsService.java:60) ~[elasticsearch-5.2.0.jar:5.2.0]
	at org.elasticsearch.monitor.fs.FsService.access$200(FsService.java:33) ~[elasticsearch-5.2.0.jar:5.2.0]
	at org.elasticsearch.monitor.fs.FsService$FsInfoCache.refresh(FsService.java:78) ~[elasticsearch-5.2.0.jar:5.2.0]
	at org.elasticsearch.monitor.fs.FsService$FsInfoCache.refresh(FsService.java:67) ~[elasticsearch-5.2.0.jar:5.2.0]
	at org.elasticsearch.common.util.SingleObjectCache.getOrRefresh(SingleObjectCache.java:54) ~[elasticsearch-5.2.0.jar:5.2.0]
	at org.elasticsearch.monitor.fs.FsService.stats(FsService.java:55) ~[elasticsearch-5.2.0.jar:5.2.0]
	at org.elasticsearch.node.service.NodeService.stats(NodeService.java:112) ~[elasticsearch-5.2.0.jar:5.2.0]
	at org.elasticsearch.action.admin.cluster.node.stats.TransportNodesStatsAction.nodeOperation(TransportNodesStatsAction.java:77) ~[elasticsearch-5.2.0.jar:5.2.0]
	at org.elasticsearch.action.admin.cluster.node.stats.TransportNodesStatsAction.nodeOperation(TransportNodesStatsAction.java:42) ~[elasticsearch-5.2.0.jar:5.2.0]
	at org.elasticsearch.action.support.nodes.TransportNodesAction.nodeOperation(TransportNodesAction.java:145) ~[elasticsearch-5.2.0.jar:5.2.0]
	at org.elasticsearch.action.support.nodes.TransportNodesAction$NodeTransportHandler.messageReceived(TransportNodesAction.java:270) ~[elasticsearch-5.2.0.jar:5.2.0]
	at org.elasticsearch.action.support.nodes.TransportNodesAction$NodeTransportHandler.messageReceived(TransportNodesAction.java:266) ~[elasticsearch-5.2.0.jar:5.2.0]
	at org.elasticsearch.transport.RequestHandlerRegistry.processMessageReceived(RequestHandlerRegistry.java:69) ~[elasticsearch-5.2.0.jar:5.2.0]
	at org.elasticsearch.transport.TransportService$7.doRun(TransportService.java:610) ~[elasticsearch-5.2.0.jar:5.2.0]
	at org.elasticsearch.common.util.concurrent.ThreadContext$ContextPreservingAbstractRunnable.doRun(ThreadContext.java:596) ~[elasticsearch-5.2.0.jar:5.2.0]
	at org.elasticsearch.common.util.concurrent.AbstractRunnable.run(AbstractRunnable.java:37) ~[elasticsearch-5.2.0.jar:5.2.0]
	at java.util.concurrent.ThreadPoolExecutor.runWorker(ThreadPoolExecutor.java:1142) ~[?:1.8.0_25]
	at java.util.concurrent.ThreadPoolExecutor$Worker.run(ThreadPoolExecutor.java:617) ~[?:1.8.0_25]
	at java.lang.Thread.run(Thread.java:745) ~[?:1.8.0_25]
[2017-02-14T18:47:44,035][DEBUG][o.e.a.a.i.s.TransportIndicesStatsAction] [jaLxcpR] [indices:monitor/stats] failed to execute operation for shard [[hotel-urbano][4], node[jaLxcpRFRgmAZDlKC9sFeQ], [P], s[STARTED], a[id=46VP3wl9QTaAlYiMV0yK3Q]]
org.elasticsearch.ElasticsearchException: failed to refresh store stats
	at org.elasticsearch.index.store.Store$StoreStatsCache.refresh(Store.java:1364) ~[elasticsearch-5.2.0.jar:5.2.0]
	at org.elasticsearch.index.store.Store$StoreStatsCache.refresh(Store.java:1349) ~[elasticsearch-5.2.0.jar:5.2.0]
	at org.elasticsearch.common.util.SingleObjectCache.getOrRefresh(SingleObjectCache.java:54) ~[elasticsearch-5.2.0.jar:5.2.0]
	at org.elasticsearch.index.store.Store.stats(Store.java:301) ~[elasticsearch-5.2.0.jar:5.2.0]
	at org.elasticsearch.index.shard.IndexShard.storeStats(IndexShard.java:703) ~[elasticsearch-5.2.0.jar:5.2.0]
	at org.elasticsearch.action.admin.indices.stats.CommonStats.<init>(CommonStats.java:177) ~[elasticsearch-5.2.0.jar:5.2.0]
	at org.elasticsearch.action.admin.indices.stats.TransportIndicesStatsAction.shardOperation(TransportIndicesStatsAction.java:163) ~[elasticsearch-5.2.0.jar:5.2.0]
	at org.elasticsearch.action.admin.indices.stats.TransportIndicesStatsAction.shardOperation(TransportIndicesStatsAction.java:47) ~[elasticsearch-5.2.0.jar:5.2.0]
	at org.elasticsearch.action.support.broadcast.node.TransportBroadcastByNodeAction$BroadcastByNodeTransportRequestHandler.onShardOperation(TransportBroadcastByNodeAction.java:434) [elasticsearch-5.2.0.jar:5.2.0]
	at org.elasticsearch.action.support.broadcast.node.TransportBroadcastByNodeAction$BroadcastByNodeTransportRequestHandler.messageReceived(TransportBroadcastByNodeAction.java:413) [elasticsearch-5.2.0.jar:5.2.0]
	at org.elasticsearch.action.support.broadcast.node.TransportBroadcastByNodeAction$BroadcastByNodeTransportRequestHandler.messageReceived(TransportBroadcastByNodeAction.java:400) [elasticsearch-5.2.0.jar:5.2.0]
	at org.elasticsearch.transport.TransportRequestHandler.messageReceived(TransportRequestHandler.java:33) [elasticsearch-5.2.0.jar:5.2.0]
	at org.elasticsearch.transport.RequestHandlerRegistry.processMessageReceived(RequestHandlerRegistry.java:69) [elasticsearch-5.2.0.jar:5.2.0]
	at org.elasticsearch.transport.TransportService$7.doRun(TransportService.java:610) [elasticsearch-5.2.0.jar:5.2.0]
	at org.elasticsearch.common.util.concurrent.ThreadContext$ContextPreservingAbstractRunnable.doRun(ThreadContext.java:596) [elasticsearch-5.2.0.jar:5.2.0]
	at org.elasticsearch.common.util.concurrent.AbstractRunnable.run(AbstractRunnable.java:37) [elasticsearch-5.2.0.jar:5.2.0]
	at java.util.concurrent.ThreadPoolExecutor.runWorker(ThreadPoolExecutor.java:1142) [?:1.8.0_25]
	at java.util.concurrent.ThreadPoolExecutor$Worker.run(ThreadPoolExecutor.java:617) [?:1.8.0_25]
	at java.lang.Thread.run(Thread.java:745) [?:1.8.0_25]
Caused by: java.nio.file.NoSuchFileException: /Users/gustavoamg/Projetos/HotelUrbano/desafiohu1/server/elasticsearch-5.2.0/data/nodes/0/indices/kBzwNQxjQd-uOMIqXh4FAQ/4/index
	at sun.nio.fs.UnixException.translateToIOException(UnixException.java:86) ~[?:?]
	at sun.nio.fs.UnixException.rethrowAsIOException(UnixException.java:102) ~[?:?]
	at sun.nio.fs.UnixException.rethrowAsIOException(UnixException.java:107) ~[?:?]
	at sun.nio.fs.UnixFileSystemProvider.newDirectoryStream(UnixFileSystemProvider.java:407) ~[?:?]
	at java.nio.file.Files.newDirectoryStream(Files.java:457) ~[?:1.8.0_25]
	at org.apache.lucene.store.FSDirectory.listAll(FSDirectory.java:215) ~[lucene-core-6.4.0.jar:6.4.0 bbe4b08cc1fb673d0c3eb4b8455f23ddc1364124 - jim - 2017-01-17 15:57:29]
	at org.apache.lucene.store.FSDirectory.listAll(FSDirectory.java:234) ~[lucene-core-6.4.0.jar:6.4.0 bbe4b08cc1fb673d0c3eb4b8455f23ddc1364124 - jim - 2017-01-17 15:57:29]
	at org.apache.lucene.store.FilterDirectory.listAll(FilterDirectory.java:57) ~[lucene-core-6.4.0.jar:6.4.0 bbe4b08cc1fb673d0c3eb4b8455f23ddc1364124 - jim - 2017-01-17 15:57:29]
	at org.apache.lucene.store.FilterDirectory.listAll(FilterDirectory.java:57) ~[lucene-core-6.4.0.jar:6.4.0 bbe4b08cc1fb673d0c3eb4b8455f23ddc1364124 - jim - 2017-01-17 15:57:29]
	at org.elasticsearch.index.store.Store$StoreStatsCache.estimateSize(Store.java:1370) ~[elasticsearch-5.2.0.jar:5.2.0]
	at org.elasticsearch.index.store.Store$StoreStatsCache.refresh(Store.java:1362) ~[elasticsearch-5.2.0.jar:5.2.0]
	... 18 more
[2017-02-14T18:47:44,038][DEBUG][o.e.a.a.i.s.TransportIndicesStatsAction] [jaLxcpR] [indices:monitor/stats] failed to execute operation for shard [[hotel-urbano][1], node[jaLxcpRFRgmAZDlKC9sFeQ], [P], s[STARTED], a[id=mzYHpdA1R3-4sZ-OobJNOw]]
org.elasticsearch.ElasticsearchException: failed to refresh store stats
	at org.elasticsearch.index.store.Store$StoreStatsCache.refresh(Store.java:1364) ~[elasticsearch-5.2.0.jar:5.2.0]
	at org.elasticsearch.index.store.Store$StoreStatsCache.refresh(Store.java:1349) ~[elasticsearch-5.2.0.jar:5.2.0]
	at org.elasticsearch.common.util.SingleObjectCache.getOrRefresh(SingleObjectCache.java:54) ~[elasticsearch-5.2.0.jar:5.2.0]
	at org.elasticsearch.index.store.Store.stats(Store.java:301) ~[elasticsearch-5.2.0.jar:5.2.0]
	at org.elasticsearch.index.shard.IndexShard.storeStats(IndexShard.java:703) ~[elasticsearch-5.2.0.jar:5.2.0]
	at org.elasticsearch.action.admin.indices.stats.CommonStats.<init>(CommonStats.java:177) ~[elasticsearch-5.2.0.jar:5.2.0]
	at org.elasticsearch.action.admin.indices.stats.TransportIndicesStatsAction.shardOperation(TransportIndicesStatsAction.java:163) ~[elasticsearch-5.2.0.jar:5.2.0]
	at org.elasticsearch.action.admin.indices.stats.TransportIndicesStatsAction.shardOperation(TransportIndicesStatsAction.java:47) ~[elasticsearch-5.2.0.jar:5.2.0]
	at org.elasticsearch.action.support.broadcast.node.TransportBroadcastByNodeAction$BroadcastByNodeTransportRequestHandler.onShardOperation(TransportBroadcastByNodeAction.java:434) [elasticsearch-5.2.0.jar:5.2.0]
	at org.elasticsearch.action.support.broadcast.node.TransportBroadcastByNodeAction$BroadcastByNodeTransportRequestHandler.messageReceived(TransportBroadcastByNodeAction.java:413) [elasticsearch-5.2.0.jar:5.2.0]
	at org.elasticsearch.action.support.broadcast.node.TransportBroadcastByNodeAction$BroadcastByNodeTransportRequestHandler.messageReceived(TransportBroadcastByNodeAction.java:400) [elasticsearch-5.2.0.jar:5.2.0]
	at org.elasticsearch.transport.TransportRequestHandler.messageReceived(TransportRequestHandler.java:33) [elasticsearch-5.2.0.jar:5.2.0]
	at org.elasticsearch.transport.RequestHandlerRegistry.processMessageReceived(RequestHandlerRegistry.java:69) [elasticsearch-5.2.0.jar:5.2.0]
	at org.elasticsearch.transport.TransportService$7.doRun(TransportService.java:610) [elasticsearch-5.2.0.jar:5.2.0]
	at org.elasticsearch.common.util.concurrent.ThreadContext$ContextPreservingAbstractRunnable.doRun(ThreadContext.java:596) [elasticsearch-5.2.0.jar:5.2.0]
	at org.elasticsearch.common.util.concurrent.AbstractRunnable.run(AbstractRunnable.java:37) [elasticsearch-5.2.0.jar:5.2.0]
	at java.util.concurrent.ThreadPoolExecutor.runWorker(ThreadPoolExecutor.java:1142) [?:1.8.0_25]
	at java.util.concurrent.ThreadPoolExecutor$Worker.run(ThreadPoolExecutor.java:617) [?:1.8.0_25]
	at java.lang.Thread.run(Thread.java:745) [?:1.8.0_25]
Caused by: java.nio.file.NoSuchFileException: /Users/gustavoamg/Projetos/HotelUrbano/desafiohu1/server/elasticsearch-5.2.0/data/nodes/0/indices/kBzwNQxjQd-uOMIqXh4FAQ/1/index
	at sun.nio.fs.UnixException.translateToIOException(UnixException.java:86) ~[?:?]
	at sun.nio.fs.UnixException.rethrowAsIOException(UnixException.java:102) ~[?:?]
	at sun.nio.fs.UnixException.rethrowAsIOException(UnixException.java:107) ~[?:?]
	at sun.nio.fs.UnixFileSystemProvider.newDirectoryStream(UnixFileSystemProvider.java:407) ~[?:?]
	at java.nio.file.Files.newDirectoryStream(Files.java:457) ~[?:1.8.0_25]
	at org.apache.lucene.store.FSDirectory.listAll(FSDirectory.java:215) ~[lucene-core-6.4.0.jar:6.4.0 bbe4b08cc1fb673d0c3eb4b8455f23ddc1364124 - jim - 2017-01-17 15:57:29]
	at org.apache.lucene.store.FSDirectory.listAll(FSDirectory.java:234) ~[lucene-core-6.4.0.jar:6.4.0 bbe4b08cc1fb673d0c3eb4b8455f23ddc1364124 - jim - 2017-01-17 15:57:29]
	at org.apache.lucene.store.FilterDirectory.listAll(FilterDirectory.java:57) ~[lucene-core-6.4.0.jar:6.4.0 bbe4b08cc1fb673d0c3eb4b8455f23ddc1364124 - jim - 2017-01-17 15:57:29]
	at org.apache.lucene.store.FilterDirectory.listAll(FilterDirectory.java:57) ~[lucene-core-6.4.0.jar:6.4.0 bbe4b08cc1fb673d0c3eb4b8455f23ddc1364124 - jim - 2017-01-17 15:57:29]
	at org.elasticsearch.index.store.Store$StoreStatsCache.estimateSize(Store.java:1370) ~[elasticsearch-5.2.0.jar:5.2.0]
	at org.elasticsearch.index.store.Store$StoreStatsCache.refresh(Store.java:1362) ~[elasticsearch-5.2.0.jar:5.2.0]
	... 18 more
[2017-02-14T18:47:44,037][WARN ][o.e.a.a.c.n.s.TransportNodesStatsAction] [jaLxcpR] not accumulating exceptions, excluding exception from response
org.elasticsearch.action.FailedNodeException: Failed node [jaLxcpRFRgmAZDlKC9sFeQ]
	at org.elasticsearch.action.support.nodes.TransportNodesAction$AsyncAction.onFailure(TransportNodesAction.java:247) [elasticsearch-5.2.0.jar:5.2.0]
	at org.elasticsearch.action.support.nodes.TransportNodesAction$AsyncAction.access$300(TransportNodesAction.java:160) [elasticsearch-5.2.0.jar:5.2.0]
	at org.elasticsearch.action.support.nodes.TransportNodesAction$AsyncAction$1.handleException(TransportNodesAction.java:219) [elasticsearch-5.2.0.jar:5.2.0]
	at org.elasticsearch.transport.TransportService$ContextRestoreResponseHandler.handleException(TransportService.java:1024) [elasticsearch-5.2.0.jar:5.2.0]
	at org.elasticsearch.transport.TransportService$DirectResponseChannel.processException(TransportService.java:1126) [elasticsearch-5.2.0.jar:5.2.0]
	at org.elasticsearch.transport.TransportService$DirectResponseChannel.sendResponse(TransportService.java:1104) [elasticsearch-5.2.0.jar:5.2.0]
	at org.elasticsearch.transport.TransportService$7.onFailure(TransportService.java:621) [elasticsearch-5.2.0.jar:5.2.0]
	at org.elasticsearch.common.util.concurrent.ThreadContext$ContextPreservingAbstractRunnable.onFailure(ThreadContext.java:581) [elasticsearch-5.2.0.jar:5.2.0]
	at org.elasticsearch.common.util.concurrent.AbstractRunnable.run(AbstractRunnable.java:39) [elasticsearch-5.2.0.jar:5.2.0]
	at java.util.concurrent.ThreadPoolExecutor.runWorker(ThreadPoolExecutor.java:1142) [?:1.8.0_25]
	at java.util.concurrent.ThreadPoolExecutor$Worker.run(ThreadPoolExecutor.java:617) [?:1.8.0_25]
	at java.lang.Thread.run(Thread.java:745) [?:1.8.0_25]
Caused by: org.elasticsearch.transport.RemoteTransportException: [jaLxcpR][10.0.0.102:9300][cluster:monitor/nodes/stats[n]]
Caused by: java.lang.IllegalStateException: environment is not locked
	at org.elasticsearch.env.NodeEnvironment.assertEnvIsLocked(NodeEnvironment.java:905) ~[elasticsearch-5.2.0.jar:5.2.0]
	at org.elasticsearch.env.NodeEnvironment.nodePaths(NodeEnvironment.java:754) ~[elasticsearch-5.2.0.jar:5.2.0]
	at org.elasticsearch.monitor.fs.FsProbe.stats(FsProbe.java:55) ~[elasticsearch-5.2.0.jar:5.2.0]
	at org.elasticsearch.monitor.fs.FsService.stats(FsService.java:60) ~[elasticsearch-5.2.0.jar:5.2.0]
	at org.elasticsearch.monitor.fs.FsService.access$200(FsService.java:33) ~[elasticsearch-5.2.0.jar:5.2.0]
	at org.elasticsearch.monitor.fs.FsService$FsInfoCache.refresh(FsService.java:78) ~[elasticsearch-5.2.0.jar:5.2.0]
	at org.elasticsearch.monitor.fs.FsService$FsInfoCache.refresh(FsService.java:67) ~[elasticsearch-5.2.0.jar:5.2.0]
	at org.elasticsearch.common.util.SingleObjectCache.getOrRefresh(SingleObjectCache.java:54) ~[elasticsearch-5.2.0.jar:5.2.0]
	at org.elasticsearch.monitor.fs.FsService.stats(FsService.java:55) ~[elasticsearch-5.2.0.jar:5.2.0]
	at org.elasticsearch.node.service.NodeService.stats(NodeService.java:112) ~[elasticsearch-5.2.0.jar:5.2.0]
	at org.elasticsearch.action.admin.cluster.node.stats.TransportNodesStatsAction.nodeOperation(TransportNodesStatsAction.java:77) ~[elasticsearch-5.2.0.jar:5.2.0]
	at org.elasticsearch.action.admin.cluster.node.stats.TransportNodesStatsAction.nodeOperation(TransportNodesStatsAction.java:42) ~[elasticsearch-5.2.0.jar:5.2.0]
	at org.elasticsearch.action.support.nodes.TransportNodesAction.nodeOperation(TransportNodesAction.java:145) ~[elasticsearch-5.2.0.jar:5.2.0]
	at org.elasticsearch.action.support.nodes.TransportNodesAction$NodeTransportHandler.messageReceived(TransportNodesAction.java:270) ~[elasticsearch-5.2.0.jar:5.2.0]
	at org.elasticsearch.action.support.nodes.TransportNodesAction$NodeTransportHandler.messageReceived(TransportNodesAction.java:266) ~[elasticsearch-5.2.0.jar:5.2.0]
	at org.elasticsearch.transport.RequestHandlerRegistry.processMessageReceived(RequestHandlerRegistry.java:69) ~[elasticsearch-5.2.0.jar:5.2.0]
	at org.elasticsearch.transport.TransportService$7.doRun(TransportService.java:610) ~[elasticsearch-5.2.0.jar:5.2.0]
	at org.elasticsearch.common.util.concurrent.ThreadContext$ContextPreservingAbstractRunnable.doRun(ThreadContext.java:596) ~[elasticsearch-5.2.0.jar:5.2.0]
	at org.elasticsearch.common.util.concurrent.AbstractRunnable.run(AbstractRunnable.java:37) ~[elasticsearch-5.2.0.jar:5.2.0]
	... 3 more
Caused by: java.nio.file.NoSuchFileException: /Users/gustavoamg/Projetos/HotelUrbano/desafiohu1/server/elasticsearch-5.2.0/data/nodes/0/node.lock
	at sun.nio.fs.UnixException.translateToIOException(UnixException.java:86) ~[?:?]
	at sun.nio.fs.UnixException.rethrowAsIOException(UnixException.java:102) ~[?:?]
	at sun.nio.fs.UnixException.rethrowAsIOException(UnixException.java:107) ~[?:?]
	at sun.nio.fs.UnixFileAttributeViews$Basic.readAttributes(UnixFileAttributeViews.java:55) ~[?:?]
	at sun.nio.fs.UnixFileSystemProvider.readAttributes(UnixFileSystemProvider.java:144) ~[?:?]
	at java.nio.file.Files.readAttributes(Files.java:1737) ~[?:1.8.0_25]
	at org.apache.lucene.store.NativeFSLockFactory$NativeFSLock.ensureValid(NativeFSLockFactory.java:177) ~[lucene-core-6.4.0.jar:6.4.0 bbe4b08cc1fb673d0c3eb4b8455f23ddc1364124 - jim - 2017-01-17 15:57:29]
	at org.elasticsearch.env.NodeEnvironment.assertEnvIsLocked(NodeEnvironment.java:902) ~[elasticsearch-5.2.0.jar:5.2.0]
	at org.elasticsearch.env.NodeEnvironment.nodePaths(NodeEnvironment.java:754) ~[elasticsearch-5.2.0.jar:5.2.0]
	at org.elasticsearch.monitor.fs.FsProbe.stats(FsProbe.java:55) ~[elasticsearch-5.2.0.jar:5.2.0]
	at org.elasticsearch.monitor.fs.FsService.stats(FsService.java:60) ~[elasticsearch-5.2.0.jar:5.2.0]
	at org.elasticsearch.monitor.fs.FsService.access$200(FsService.java:33) ~[elasticsearch-5.2.0.jar:5.2.0]
	at org.elasticsearch.monitor.fs.FsService$FsInfoCache.refresh(FsService.java:78) ~[elasticsearch-5.2.0.jar:5.2.0]
	at org.elasticsearch.monitor.fs.FsService$FsInfoCache.refresh(FsService.java:67) ~[elasticsearch-5.2.0.jar:5.2.0]
	at org.elasticsearch.common.util.SingleObjectCache.getOrRefresh(SingleObjectCache.java:54) ~[elasticsearch-5.2.0.jar:5.2.0]
	at org.elasticsearch.monitor.fs.FsService.stats(FsService.java:55) ~[elasticsearch-5.2.0.jar:5.2.0]
	at org.elasticsearch.node.service.NodeService.stats(NodeService.java:112) ~[elasticsearch-5.2.0.jar:5.2.0]
	at org.elasticsearch.action.admin.cluster.node.stats.TransportNodesStatsAction.nodeOperation(TransportNodesStatsAction.java:77) ~[elasticsearch-5.2.0.jar:5.2.0]
	at org.elasticsearch.action.admin.cluster.node.stats.TransportNodesStatsAction.nodeOperation(TransportNodesStatsAction.java:42) ~[elasticsearch-5.2.0.jar:5.2.0]
	at org.elasticsearch.action.support.nodes.TransportNodesAction.nodeOperation(TransportNodesAction.java:145) ~[elasticsearch-5.2.0.jar:5.2.0]
	at org.elasticsearch.action.support.nodes.TransportNodesAction$NodeTransportHandler.messageReceived(TransportNodesAction.java:270) ~[elasticsearch-5.2.0.jar:5.2.0]
	at org.elasticsearch.action.support.nodes.TransportNodesAction$NodeTransportHandler.messageReceived(TransportNodesAction.java:266) ~[elasticsearch-5.2.0.jar:5.2.0]
	at org.elasticsearch.transport.RequestHandlerRegistry.processMessageReceived(RequestHandlerRegistry.java:69) ~[elasticsearch-5.2.0.jar:5.2.0]
	at org.elasticsearch.transport.TransportService$7.doRun(TransportService.java:610) ~[elasticsearch-5.2.0.jar:5.2.0]
	at org.elasticsearch.common.util.concurrent.ThreadContext$ContextPreservingAbstractRunnable.doRun(ThreadContext.java:596) ~[elasticsearch-5.2.0.jar:5.2.0]
	at org.elasticsearch.common.util.concurrent.AbstractRunnable.run(AbstractRunnable.java:37) ~[elasticsearch-5.2.0.jar:5.2.0]
	... 3 more
[2017-02-14T18:47:44,041][DEBUG][o.e.a.a.i.s.TransportIndicesStatsAction] [jaLxcpR] [indices:monitor/stats] failed to execute operation for shard [[hotel-urbano][0], node[jaLxcpRFRgmAZDlKC9sFeQ], [P], s[STARTED], a[id=XsZbO_owQCyUZUPEA0PMew]]
org.elasticsearch.ElasticsearchException: failed to refresh store stats
	at org.elasticsearch.index.store.Store$StoreStatsCache.refresh(Store.java:1364) ~[elasticsearch-5.2.0.jar:5.2.0]
	at org.elasticsearch.index.store.Store$StoreStatsCache.refresh(Store.java:1349) ~[elasticsearch-5.2.0.jar:5.2.0]
	at org.elasticsearch.common.util.SingleObjectCache.getOrRefresh(SingleObjectCache.java:54) ~[elasticsearch-5.2.0.jar:5.2.0]
	at org.elasticsearch.index.store.Store.stats(Store.java:301) ~[elasticsearch-5.2.0.jar:5.2.0]
	at org.elasticsearch.index.shard.IndexShard.storeStats(IndexShard.java:703) ~[elasticsearch-5.2.0.jar:5.2.0]
	at org.elasticsearch.action.admin.indices.stats.CommonStats.<init>(CommonStats.java:177) ~[elasticsearch-5.2.0.jar:5.2.0]
	at org.elasticsearch.action.admin.indices.stats.TransportIndicesStatsAction.shardOperation(TransportIndicesStatsAction.java:163) ~[elasticsearch-5.2.0.jar:5.2.0]
	at org.elasticsearch.action.admin.indices.stats.TransportIndicesStatsAction.shardOperation(TransportIndicesStatsAction.java:47) ~[elasticsearch-5.2.0.jar:5.2.0]
	at org.elasticsearch.action.support.broadcast.node.TransportBroadcastByNodeAction$BroadcastByNodeTransportRequestHandler.onShardOperation(TransportBroadcastByNodeAction.java:434) [elasticsearch-5.2.0.jar:5.2.0]
	at org.elasticsearch.action.support.broadcast.node.TransportBroadcastByNodeAction$BroadcastByNodeTransportRequestHandler.messageReceived(TransportBroadcastByNodeAction.java:413) [elasticsearch-5.2.0.jar:5.2.0]
	at org.elasticsearch.action.support.broadcast.node.TransportBroadcastByNodeAction$BroadcastByNodeTransportRequestHandler.messageReceived(TransportBroadcastByNodeAction.java:400) [elasticsearch-5.2.0.jar:5.2.0]
	at org.elasticsearch.transport.TransportRequestHandler.messageReceived(TransportRequestHandler.java:33) [elasticsearch-5.2.0.jar:5.2.0]
	at org.elasticsearch.transport.RequestHandlerRegistry.processMessageReceived(RequestHandlerRegistry.java:69) [elasticsearch-5.2.0.jar:5.2.0]
	at org.elasticsearch.transport.TransportService$7.doRun(TransportService.java:610) [elasticsearch-5.2.0.jar:5.2.0]
	at org.elasticsearch.common.util.concurrent.ThreadContext$ContextPreservingAbstractRunnable.doRun(ThreadContext.java:596) [elasticsearch-5.2.0.jar:5.2.0]
	at org.elasticsearch.common.util.concurrent.AbstractRunnable.run(AbstractRunnable.java:37) [elasticsearch-5.2.0.jar:5.2.0]
	at java.util.concurrent.ThreadPoolExecutor.runWorker(ThreadPoolExecutor.java:1142) [?:1.8.0_25]
	at java.util.concurrent.ThreadPoolExecutor$Worker.run(ThreadPoolExecutor.java:617) [?:1.8.0_25]
	at java.lang.Thread.run(Thread.java:745) [?:1.8.0_25]
Caused by: java.nio.file.NoSuchFileException: /Users/gustavoamg/Projetos/HotelUrbano/desafiohu1/server/elasticsearch-5.2.0/data/nodes/0/indices/kBzwNQxjQd-uOMIqXh4FAQ/0/index
	at sun.nio.fs.UnixException.translateToIOException(UnixException.java:86) ~[?:?]
	at sun.nio.fs.UnixException.rethrowAsIOException(UnixException.java:102) ~[?:?]
	at sun.nio.fs.UnixException.rethrowAsIOException(UnixException.java:107) ~[?:?]
	at sun.nio.fs.UnixFileSystemProvider.newDirectoryStream(UnixFileSystemProvider.java:407) ~[?:?]
	at java.nio.file.Files.newDirectoryStream(Files.java:457) ~[?:1.8.0_25]
	at org.apache.lucene.store.FSDirectory.listAll(FSDirectory.java:215) ~[lucene-core-6.4.0.jar:6.4.0 bbe4b08cc1fb673d0c3eb4b8455f23ddc1364124 - jim - 2017-01-17 15:57:29]
	at org.apache.lucene.store.FSDirectory.listAll(FSDirectory.java:234) ~[lucene-core-6.4.0.jar:6.4.0 bbe4b08cc1fb673d0c3eb4b8455f23ddc1364124 - jim - 2017-01-17 15:57:29]
	at org.apache.lucene.store.FilterDirectory.listAll(FilterDirectory.java:57) ~[lucene-core-6.4.0.jar:6.4.0 bbe4b08cc1fb673d0c3eb4b8455f23ddc1364124 - jim - 2017-01-17 15:57:29]
	at org.apache.lucene.store.FilterDirectory.listAll(FilterDirectory.java:57) ~[lucene-core-6.4.0.jar:6.4.0 bbe4b08cc1fb673d0c3eb4b8455f23ddc1364124 - jim - 2017-01-17 15:57:29]
	at org.elasticsearch.index.store.Store$StoreStatsCache.estimateSize(Store.java:1370) ~[elasticsearch-5.2.0.jar:5.2.0]
	at org.elasticsearch.index.store.Store$StoreStatsCache.refresh(Store.java:1362) ~[elasticsearch-5.2.0.jar:5.2.0]
	... 18 more
[2017-02-14T18:47:46,425][INFO ][o.e.n.Node               ] [jaLxcpR] stopping ...
[2017-02-14T18:47:46,478][WARN ][o.e.i.e.Engine           ] [jaLxcpR] [hotel-urbano][0] failed to rollback writer on close
java.nio.file.NoSuchFileException: /Users/gustavoamg/Projetos/HotelUrbano/desafiohu1/server/elasticsearch-5.2.0/data/nodes/0/indices/kBzwNQxjQd-uOMIqXh4FAQ/0/index/write.lock
	at sun.nio.fs.UnixException.translateToIOException(UnixException.java:86) ~[?:?]
	at sun.nio.fs.UnixException.rethrowAsIOException(UnixException.java:102) ~[?:?]
	at sun.nio.fs.UnixException.rethrowAsIOException(UnixException.java:107) ~[?:?]
	at sun.nio.fs.UnixFileAttributeViews$Basic.readAttributes(UnixFileAttributeViews.java:55) ~[?:?]
	at sun.nio.fs.UnixFileSystemProvider.readAttributes(UnixFileSystemProvider.java:144) ~[?:?]
	at java.nio.file.Files.readAttributes(Files.java:1737) ~[?:1.8.0_25]
	at org.apache.lucene.store.NativeFSLockFactory$NativeFSLock.ensureValid(NativeFSLockFactory.java:177) ~[lucene-core-6.4.0.jar:6.4.0 bbe4b08cc1fb673d0c3eb4b8455f23ddc1364124 - jim - 2017-01-17 15:57:29]
	at org.apache.lucene.store.LockValidatingDirectoryWrapper.deleteFile(LockValidatingDirectoryWrapper.java:37) ~[lucene-core-6.4.0.jar:6.4.0 bbe4b08cc1fb673d0c3eb4b8455f23ddc1364124 - jim - 2017-01-17 15:57:29]
	at org.apache.lucene.index.IndexFileDeleter.deleteFile(IndexFileDeleter.java:721) ~[lucene-core-6.4.0.jar:6.4.0 bbe4b08cc1fb673d0c3eb4b8455f23ddc1364124 - jim - 2017-01-17 15:57:29]
	at org.apache.lucene.index.IndexFileDeleter.deleteFiles(IndexFileDeleter.java:715) ~[lucene-core-6.4.0.jar:6.4.0 bbe4b08cc1fb673d0c3eb4b8455f23ddc1364124 - jim - 2017-01-17 15:57:29]
	at org.apache.lucene.index.IndexFileDeleter.decRef(IndexFileDeleter.java:594) ~[lucene-core-6.4.0.jar:6.4.0 bbe4b08cc1fb673d0c3eb4b8455f23ddc1364124 - jim - 2017-01-17 15:57:29]
	at org.apache.lucene.index.IndexFileDeleter.checkpoint(IndexFileDeleter.java:533) ~[lucene-core-6.4.0.jar:6.4.0 bbe4b08cc1fb673d0c3eb4b8455f23ddc1364124 - jim - 2017-01-17 15:57:29]
	at org.apache.lucene.index.IndexWriter.rollbackInternalNoCommit(IndexWriter.java:2238) ~[lucene-core-6.4.0.jar:6.4.0 bbe4b08cc1fb673d0c3eb4b8455f23ddc1364124 - jim - 2017-01-17 15:57:29]
	at org.apache.lucene.index.IndexWriter.rollbackInternal(IndexWriter.java:2181) ~[lucene-core-6.4.0.jar:6.4.0 bbe4b08cc1fb673d0c3eb4b8455f23ddc1364124 - jim - 2017-01-17 15:57:29]
	at org.apache.lucene.index.IndexWriter.rollback(IndexWriter.java:2174) ~[lucene-core-6.4.0.jar:6.4.0 bbe4b08cc1fb673d0c3eb4b8455f23ddc1364124 - jim - 2017-01-17 15:57:29]
	at org.elasticsearch.index.engine.InternalEngine.closeNoLock(InternalEngine.java:1073) [elasticsearch-5.2.0.jar:5.2.0]
	at org.elasticsearch.index.engine.Engine.close(Engine.java:1121) [elasticsearch-5.2.0.jar:5.2.0]
	at org.elasticsearch.index.engine.Engine.flushAndClose(Engine.java:1109) [elasticsearch-5.2.0.jar:5.2.0]
	at org.elasticsearch.index.shard.IndexShard.close(IndexShard.java:921) [elasticsearch-5.2.0.jar:5.2.0]
	at org.elasticsearch.index.IndexService.closeShard(IndexService.java:410) [elasticsearch-5.2.0.jar:5.2.0]
	at org.elasticsearch.index.IndexService.removeShard(IndexService.java:393) [elasticsearch-5.2.0.jar:5.2.0]
	at org.elasticsearch.index.IndexService.close(IndexService.java:249) [elasticsearch-5.2.0.jar:5.2.0]
	at org.elasticsearch.indices.IndicesService.removeIndex(IndicesService.java:516) [elasticsearch-5.2.0.jar:5.2.0]
	at org.elasticsearch.indices.IndicesService.lambda$doStop$2(IndicesService.java:239) [elasticsearch-5.2.0.jar:5.2.0]
	at org.elasticsearch.indices.IndicesService$$Lambda$1696/238663984.run(Unknown Source) [elasticsearch-5.2.0.jar:5.2.0]
	at java.util.concurrent.ThreadPoolExecutor.runWorker(ThreadPoolExecutor.java:1142) [?:1.8.0_25]
	at java.util.concurrent.ThreadPoolExecutor$Worker.run(ThreadPoolExecutor.java:617) [?:1.8.0_25]
	at java.lang.Thread.run(Thread.java:745) [?:1.8.0_25]
[2017-02-14T18:47:46,485][WARN ][o.e.i.e.Engine           ] [jaLxcpR] [hotel-urbano][1] failed to rollback writer on close
java.nio.file.NoSuchFileException: /Users/gustavoamg/Projetos/HotelUrbano/desafiohu1/server/elasticsearch-5.2.0/data/nodes/0/indices/kBzwNQxjQd-uOMIqXh4FAQ/1/index/write.lock
	at sun.nio.fs.UnixException.translateToIOException(UnixException.java:86) ~[?:?]
	at sun.nio.fs.UnixException.rethrowAsIOException(UnixException.java:102) ~[?:?]
	at sun.nio.fs.UnixException.rethrowAsIOException(UnixException.java:107) ~[?:?]
	at sun.nio.fs.UnixFileAttributeViews$Basic.readAttributes(UnixFileAttributeViews.java:55) ~[?:?]
	at sun.nio.fs.UnixFileSystemProvider.readAttributes(UnixFileSystemProvider.java:144) ~[?:?]
	at java.nio.file.Files.readAttributes(Files.java:1737) ~[?:1.8.0_25]
	at org.apache.lucene.store.NativeFSLockFactory$NativeFSLock.ensureValid(NativeFSLockFactory.java:177) ~[lucene-core-6.4.0.jar:6.4.0 bbe4b08cc1fb673d0c3eb4b8455f23ddc1364124 - jim - 2017-01-17 15:57:29]
	at org.apache.lucene.store.LockValidatingDirectoryWrapper.deleteFile(LockValidatingDirectoryWrapper.java:37) ~[lucene-core-6.4.0.jar:6.4.0 bbe4b08cc1fb673d0c3eb4b8455f23ddc1364124 - jim - 2017-01-17 15:57:29]
	at org.apache.lucene.index.IndexFileDeleter.deleteFile(IndexFileDeleter.java:721) ~[lucene-core-6.4.0.jar:6.4.0 bbe4b08cc1fb673d0c3eb4b8455f23ddc1364124 - jim - 2017-01-17 15:57:29]
	at org.apache.lucene.index.IndexFileDeleter.deleteFiles(IndexFileDeleter.java:715) ~[lucene-core-6.4.0.jar:6.4.0 bbe4b08cc1fb673d0c3eb4b8455f23ddc1364124 - jim - 2017-01-17 15:57:29]
	at org.apache.lucene.index.IndexFileDeleter.decRef(IndexFileDeleter.java:594) ~[lucene-core-6.4.0.jar:6.4.0 bbe4b08cc1fb673d0c3eb4b8455f23ddc1364124 - jim - 2017-01-17 15:57:29]
	at org.apache.lucene.index.IndexFileDeleter.checkpoint(IndexFileDeleter.java:533) ~[lucene-core-6.4.0.jar:6.4.0 bbe4b08cc1fb673d0c3eb4b8455f23ddc1364124 - jim - 2017-01-17 15:57:29]
	at org.apache.lucene.index.IndexWriter.rollbackInternalNoCommit(IndexWriter.java:2238) ~[lucene-core-6.4.0.jar:6.4.0 bbe4b08cc1fb673d0c3eb4b8455f23ddc1364124 - jim - 2017-01-17 15:57:29]
	at org.apache.lucene.index.IndexWriter.rollbackInternal(IndexWriter.java:2181) ~[lucene-core-6.4.0.jar:6.4.0 bbe4b08cc1fb673d0c3eb4b8455f23ddc1364124 - jim - 2017-01-17 15:57:29]
	at org.apache.lucene.index.IndexWriter.rollback(IndexWriter.java:2174) ~[lucene-core-6.4.0.jar:6.4.0 bbe4b08cc1fb673d0c3eb4b8455f23ddc1364124 - jim - 2017-01-17 15:57:29]
	at org.elasticsearch.index.engine.InternalEngine.closeNoLock(InternalEngine.java:1073) [elasticsearch-5.2.0.jar:5.2.0]
	at org.elasticsearch.index.engine.Engine.close(Engine.java:1121) [elasticsearch-5.2.0.jar:5.2.0]
	at org.elasticsearch.index.engine.Engine.flushAndClose(Engine.java:1109) [elasticsearch-5.2.0.jar:5.2.0]
	at org.elasticsearch.index.shard.IndexShard.close(IndexShard.java:921) [elasticsearch-5.2.0.jar:5.2.0]
	at org.elasticsearch.index.IndexService.closeShard(IndexService.java:410) [elasticsearch-5.2.0.jar:5.2.0]
	at org.elasticsearch.index.IndexService.removeShard(IndexService.java:393) [elasticsearch-5.2.0.jar:5.2.0]
	at org.elasticsearch.index.IndexService.close(IndexService.java:249) [elasticsearch-5.2.0.jar:5.2.0]
	at org.elasticsearch.indices.IndicesService.removeIndex(IndicesService.java:516) [elasticsearch-5.2.0.jar:5.2.0]
	at org.elasticsearch.indices.IndicesService.lambda$doStop$2(IndicesService.java:239) [elasticsearch-5.2.0.jar:5.2.0]
	at org.elasticsearch.indices.IndicesService$$Lambda$1696/238663984.run(Unknown Source) [elasticsearch-5.2.0.jar:5.2.0]
	at java.util.concurrent.ThreadPoolExecutor.runWorker(ThreadPoolExecutor.java:1142) [?:1.8.0_25]
	at java.util.concurrent.ThreadPoolExecutor$Worker.run(ThreadPoolExecutor.java:617) [?:1.8.0_25]
	at java.lang.Thread.run(Thread.java:745) [?:1.8.0_25]
[2017-02-14T18:47:46,489][WARN ][o.e.i.e.Engine           ] [jaLxcpR] [hotel-urbano][2] failed to rollback writer on close
java.nio.file.NoSuchFileException: /Users/gustavoamg/Projetos/HotelUrbano/desafiohu1/server/elasticsearch-5.2.0/data/nodes/0/indices/kBzwNQxjQd-uOMIqXh4FAQ/2/index/write.lock
	at sun.nio.fs.UnixException.translateToIOException(UnixException.java:86) ~[?:?]
	at sun.nio.fs.UnixException.rethrowAsIOException(UnixException.java:102) ~[?:?]
	at sun.nio.fs.UnixException.rethrowAsIOException(UnixException.java:107) ~[?:?]
	at sun.nio.fs.UnixFileAttributeViews$Basic.readAttributes(UnixFileAttributeViews.java:55) ~[?:?]
	at sun.nio.fs.UnixFileSystemProvider.readAttributes(UnixFileSystemProvider.java:144) ~[?:?]
	at java.nio.file.Files.readAttributes(Files.java:1737) ~[?:1.8.0_25]
	at org.apache.lucene.store.NativeFSLockFactory$NativeFSLock.ensureValid(NativeFSLockFactory.java:177) ~[lucene-core-6.4.0.jar:6.4.0 bbe4b08cc1fb673d0c3eb4b8455f23ddc1364124 - jim - 2017-01-17 15:57:29]
	at org.apache.lucene.store.LockValidatingDirectoryWrapper.deleteFile(LockValidatingDirectoryWrapper.java:37) ~[lucene-core-6.4.0.jar:6.4.0 bbe4b08cc1fb673d0c3eb4b8455f23ddc1364124 - jim - 2017-01-17 15:57:29]
	at org.apache.lucene.index.IndexFileDeleter.deleteFile(IndexFileDeleter.java:721) ~[lucene-core-6.4.0.jar:6.4.0 bbe4b08cc1fb673d0c3eb4b8455f23ddc1364124 - jim - 2017-01-17 15:57:29]
	at org.apache.lucene.index.IndexFileDeleter.deleteFiles(IndexFileDeleter.java:715) ~[lucene-core-6.4.0.jar:6.4.0 bbe4b08cc1fb673d0c3eb4b8455f23ddc1364124 - jim - 2017-01-17 15:57:29]
	at org.apache.lucene.index.IndexFileDeleter.decRef(IndexFileDeleter.java:594) ~[lucene-core-6.4.0.jar:6.4.0 bbe4b08cc1fb673d0c3eb4b8455f23ddc1364124 - jim - 2017-01-17 15:57:29]
	at org.apache.lucene.index.IndexFileDeleter.checkpoint(IndexFileDeleter.java:533) ~[lucene-core-6.4.0.jar:6.4.0 bbe4b08cc1fb673d0c3eb4b8455f23ddc1364124 - jim - 2017-01-17 15:57:29]
	at org.apache.lucene.index.IndexWriter.rollbackInternalNoCommit(IndexWriter.java:2238) ~[lucene-core-6.4.0.jar:6.4.0 bbe4b08cc1fb673d0c3eb4b8455f23ddc1364124 - jim - 2017-01-17 15:57:29]
	at org.apache.lucene.index.IndexWriter.rollbackInternal(IndexWriter.java:2181) ~[lucene-core-6.4.0.jar:6.4.0 bbe4b08cc1fb673d0c3eb4b8455f23ddc1364124 - jim - 2017-01-17 15:57:29]
	at org.apache.lucene.index.IndexWriter.rollback(IndexWriter.java:2174) ~[lucene-core-6.4.0.jar:6.4.0 bbe4b08cc1fb673d0c3eb4b8455f23ddc1364124 - jim - 2017-01-17 15:57:29]
	at org.elasticsearch.index.engine.InternalEngine.closeNoLock(InternalEngine.java:1073) [elasticsearch-5.2.0.jar:5.2.0]
	at org.elasticsearch.index.engine.Engine.close(Engine.java:1121) [elasticsearch-5.2.0.jar:5.2.0]
	at org.elasticsearch.index.engine.Engine.flushAndClose(Engine.java:1109) [elasticsearch-5.2.0.jar:5.2.0]
	at org.elasticsearch.index.shard.IndexShard.close(IndexShard.java:921) [elasticsearch-5.2.0.jar:5.2.0]
	at org.elasticsearch.index.IndexService.closeShard(IndexService.java:410) [elasticsearch-5.2.0.jar:5.2.0]
	at org.elasticsearch.index.IndexService.removeShard(IndexService.java:393) [elasticsearch-5.2.0.jar:5.2.0]
	at org.elasticsearch.index.IndexService.close(IndexService.java:249) [elasticsearch-5.2.0.jar:5.2.0]
	at org.elasticsearch.indices.IndicesService.removeIndex(IndicesService.java:516) [elasticsearch-5.2.0.jar:5.2.0]
	at org.elasticsearch.indices.IndicesService.lambda$doStop$2(IndicesService.java:239) [elasticsearch-5.2.0.jar:5.2.0]
	at org.elasticsearch.indices.IndicesService$$Lambda$1696/238663984.run(Unknown Source) [elasticsearch-5.2.0.jar:5.2.0]
	at java.util.concurrent.ThreadPoolExecutor.runWorker(ThreadPoolExecutor.java:1142) [?:1.8.0_25]
	at java.util.concurrent.ThreadPoolExecutor$Worker.run(ThreadPoolExecutor.java:617) [?:1.8.0_25]
	at java.lang.Thread.run(Thread.java:745) [?:1.8.0_25]
[2017-02-14T18:47:46,495][WARN ][o.e.i.e.Engine           ] [jaLxcpR] [hotel-urbano][3] failed to rollback writer on close
java.nio.file.NoSuchFileException: /Users/gustavoamg/Projetos/HotelUrbano/desafiohu1/server/elasticsearch-5.2.0/data/nodes/0/indices/kBzwNQxjQd-uOMIqXh4FAQ/3/index/write.lock
	at sun.nio.fs.UnixException.translateToIOException(UnixException.java:86) ~[?:?]
	at sun.nio.fs.UnixException.rethrowAsIOException(UnixException.java:102) ~[?:?]
	at sun.nio.fs.UnixException.rethrowAsIOException(UnixException.java:107) ~[?:?]
	at sun.nio.fs.UnixFileAttributeViews$Basic.readAttributes(UnixFileAttributeViews.java:55) ~[?:?]
	at sun.nio.fs.UnixFileSystemProvider.readAttributes(UnixFileSystemProvider.java:144) ~[?:?]
	at java.nio.file.Files.readAttributes(Files.java:1737) ~[?:1.8.0_25]
	at org.apache.lucene.store.NativeFSLockFactory$NativeFSLock.ensureValid(NativeFSLockFactory.java:177) ~[lucene-core-6.4.0.jar:6.4.0 bbe4b08cc1fb673d0c3eb4b8455f23ddc1364124 - jim - 2017-01-17 15:57:29]
	at org.apache.lucene.store.LockValidatingDirectoryWrapper.deleteFile(LockValidatingDirectoryWrapper.java:37) ~[lucene-core-6.4.0.jar:6.4.0 bbe4b08cc1fb673d0c3eb4b8455f23ddc1364124 - jim - 2017-01-17 15:57:29]
	at org.apache.lucene.index.IndexFileDeleter.deleteFile(IndexFileDeleter.java:721) ~[lucene-core-6.4.0.jar:6.4.0 bbe4b08cc1fb673d0c3eb4b8455f23ddc1364124 - jim - 2017-01-17 15:57:29]
	at org.apache.lucene.index.IndexFileDeleter.deleteFiles(IndexFileDeleter.java:715) ~[lucene-core-6.4.0.jar:6.4.0 bbe4b08cc1fb673d0c3eb4b8455f23ddc1364124 - jim - 2017-01-17 15:57:29]
	at org.apache.lucene.index.IndexFileDeleter.decRef(IndexFileDeleter.java:594) ~[lucene-core-6.4.0.jar:6.4.0 bbe4b08cc1fb673d0c3eb4b8455f23ddc1364124 - jim - 2017-01-17 15:57:29]
	at org.apache.lucene.index.IndexFileDeleter.checkpoint(IndexFileDeleter.java:533) ~[lucene-core-6.4.0.jar:6.4.0 bbe4b08cc1fb673d0c3eb4b8455f23ddc1364124 - jim - 2017-01-17 15:57:29]
	at org.apache.lucene.index.IndexWriter.rollbackInternalNoCommit(IndexWriter.java:2238) ~[lucene-core-6.4.0.jar:6.4.0 bbe4b08cc1fb673d0c3eb4b8455f23ddc1364124 - jim - 2017-01-17 15:57:29]
	at org.apache.lucene.index.IndexWriter.rollbackInternal(IndexWriter.java:2181) ~[lucene-core-6.4.0.jar:6.4.0 bbe4b08cc1fb673d0c3eb4b8455f23ddc1364124 - jim - 2017-01-17 15:57:29]
	at org.apache.lucene.index.IndexWriter.rollback(IndexWriter.java:2174) ~[lucene-core-6.4.0.jar:6.4.0 bbe4b08cc1fb673d0c3eb4b8455f23ddc1364124 - jim - 2017-01-17 15:57:29]
	at org.elasticsearch.index.engine.InternalEngine.closeNoLock(InternalEngine.java:1073) [elasticsearch-5.2.0.jar:5.2.0]
	at org.elasticsearch.index.engine.Engine.close(Engine.java:1121) [elasticsearch-5.2.0.jar:5.2.0]
	at org.elasticsearch.index.engine.Engine.flushAndClose(Engine.java:1109) [elasticsearch-5.2.0.jar:5.2.0]
	at org.elasticsearch.index.shard.IndexShard.close(IndexShard.java:921) [elasticsearch-5.2.0.jar:5.2.0]
	at org.elasticsearch.index.IndexService.closeShard(IndexService.java:410) [elasticsearch-5.2.0.jar:5.2.0]
	at org.elasticsearch.index.IndexService.removeShard(IndexService.java:393) [elasticsearch-5.2.0.jar:5.2.0]
	at org.elasticsearch.index.IndexService.close(IndexService.java:249) [elasticsearch-5.2.0.jar:5.2.0]
	at org.elasticsearch.indices.IndicesService.removeIndex(IndicesService.java:516) [elasticsearch-5.2.0.jar:5.2.0]
	at org.elasticsearch.indices.IndicesService.lambda$doStop$2(IndicesService.java:239) [elasticsearch-5.2.0.jar:5.2.0]
	at org.elasticsearch.indices.IndicesService$$Lambda$1696/238663984.run(Unknown Source) [elasticsearch-5.2.0.jar:5.2.0]
	at java.util.concurrent.ThreadPoolExecutor.runWorker(ThreadPoolExecutor.java:1142) [?:1.8.0_25]
	at java.util.concurrent.ThreadPoolExecutor$Worker.run(ThreadPoolExecutor.java:617) [?:1.8.0_25]
	at java.lang.Thread.run(Thread.java:745) [?:1.8.0_25]
[2017-02-14T18:47:46,504][WARN ][o.e.i.e.Engine           ] [jaLxcpR] [hotel-urbano][4] failed to rollback writer on close
java.nio.file.NoSuchFileException: /Users/gustavoamg/Projetos/HotelUrbano/desafiohu1/server/elasticsearch-5.2.0/data/nodes/0/indices/kBzwNQxjQd-uOMIqXh4FAQ/4/index/write.lock
	at sun.nio.fs.UnixException.translateToIOException(UnixException.java:86) ~[?:?]
	at sun.nio.fs.UnixException.rethrowAsIOException(UnixException.java:102) ~[?:?]
	at sun.nio.fs.UnixException.rethrowAsIOException(UnixException.java:107) ~[?:?]
	at sun.nio.fs.UnixFileAttributeViews$Basic.readAttributes(UnixFileAttributeViews.java:55) ~[?:?]
	at sun.nio.fs.UnixFileSystemProvider.readAttributes(UnixFileSystemProvider.java:144) ~[?:?]
	at java.nio.file.Files.readAttributes(Files.java:1737) ~[?:1.8.0_25]
	at org.apache.lucene.store.NativeFSLockFactory$NativeFSLock.ensureValid(NativeFSLockFactory.java:177) ~[lucene-core-6.4.0.jar:6.4.0 bbe4b08cc1fb673d0c3eb4b8455f23ddc1364124 - jim - 2017-01-17 15:57:29]
	at org.apache.lucene.store.LockValidatingDirectoryWrapper.deleteFile(LockValidatingDirectoryWrapper.java:37) ~[lucene-core-6.4.0.jar:6.4.0 bbe4b08cc1fb673d0c3eb4b8455f23ddc1364124 - jim - 2017-01-17 15:57:29]
	at org.apache.lucene.index.IndexFileDeleter.deleteFile(IndexFileDeleter.java:721) ~[lucene-core-6.4.0.jar:6.4.0 bbe4b08cc1fb673d0c3eb4b8455f23ddc1364124 - jim - 2017-01-17 15:57:29]
	at org.apache.lucene.index.IndexFileDeleter.deleteFiles(IndexFileDeleter.java:715) ~[lucene-core-6.4.0.jar:6.4.0 bbe4b08cc1fb673d0c3eb4b8455f23ddc1364124 - jim - 2017-01-17 15:57:29]
	at org.apache.lucene.index.IndexFileDeleter.decRef(IndexFileDeleter.java:594) ~[lucene-core-6.4.0.jar:6.4.0 bbe4b08cc1fb673d0c3eb4b8455f23ddc1364124 - jim - 2017-01-17 15:57:29]
	at org.apache.lucene.index.IndexFileDeleter.checkpoint(IndexFileDeleter.java:533) ~[lucene-core-6.4.0.jar:6.4.0 bbe4b08cc1fb673d0c3eb4b8455f23ddc1364124 - jim - 2017-01-17 15:57:29]
	at org.apache.lucene.index.IndexWriter.rollbackInternalNoCommit(IndexWriter.java:2238) ~[lucene-core-6.4.0.jar:6.4.0 bbe4b08cc1fb673d0c3eb4b8455f23ddc1364124 - jim - 2017-01-17 15:57:29]
	at org.apache.lucene.index.IndexWriter.rollbackInternal(IndexWriter.java:2181) ~[lucene-core-6.4.0.jar:6.4.0 bbe4b08cc1fb673d0c3eb4b8455f23ddc1364124 - jim - 2017-01-17 15:57:29]
	at org.apache.lucene.index.IndexWriter.rollback(IndexWriter.java:2174) ~[lucene-core-6.4.0.jar:6.4.0 bbe4b08cc1fb673d0c3eb4b8455f23ddc1364124 - jim - 2017-01-17 15:57:29]
	at org.elasticsearch.index.engine.InternalEngine.closeNoLock(InternalEngine.java:1073) [elasticsearch-5.2.0.jar:5.2.0]
	at org.elasticsearch.index.engine.Engine.close(Engine.java:1121) [elasticsearch-5.2.0.jar:5.2.0]
	at org.elasticsearch.index.engine.Engine.flushAndClose(Engine.java:1109) [elasticsearch-5.2.0.jar:5.2.0]
	at org.elasticsearch.index.shard.IndexShard.close(IndexShard.java:921) [elasticsearch-5.2.0.jar:5.2.0]
	at org.elasticsearch.index.IndexService.closeShard(IndexService.java:410) [elasticsearch-5.2.0.jar:5.2.0]
	at org.elasticsearch.index.IndexService.removeShard(IndexService.java:393) [elasticsearch-5.2.0.jar:5.2.0]
	at org.elasticsearch.index.IndexService.close(IndexService.java:249) [elasticsearch-5.2.0.jar:5.2.0]
	at org.elasticsearch.indices.IndicesService.removeIndex(IndicesService.java:516) [elasticsearch-5.2.0.jar:5.2.0]
	at org.elasticsearch.indices.IndicesService.lambda$doStop$2(IndicesService.java:239) [elasticsearch-5.2.0.jar:5.2.0]
	at org.elasticsearch.indices.IndicesService$$Lambda$1696/238663984.run(Unknown Source) [elasticsearch-5.2.0.jar:5.2.0]
	at java.util.concurrent.ThreadPoolExecutor.runWorker(ThreadPoolExecutor.java:1142) [?:1.8.0_25]
	at java.util.concurrent.ThreadPoolExecutor$Worker.run(ThreadPoolExecutor.java:617) [?:1.8.0_25]
	at java.lang.Thread.run(Thread.java:745) [?:1.8.0_25]
[2017-02-14T18:47:46,506][INFO ][o.e.n.Node               ] [jaLxcpR] stopped
[2017-02-14T18:47:46,507][INFO ][o.e.n.Node               ] [jaLxcpR] closing ...
[2017-02-14T18:47:46,519][INFO ][o.e.n.Node               ] [jaLxcpR] closed
